running egg_info
creating ../build/eye_on_you/eye_on_you.egg-info
writing ../build/eye_on_you/eye_on_you.egg-info/PKG-INFO
writing dependency_links to ../build/eye_on_you/eye_on_you.egg-info/dependency_links.txt
writing entry points to ../build/eye_on_you/eye_on_you.egg-info/entry_points.txt
writing requirements to ../build/eye_on_you/eye_on_you.egg-info/requires.txt
writing top-level names to ../build/eye_on_you/eye_on_you.egg-info/top_level.txt
writing manifest file '../build/eye_on_you/eye_on_you.egg-info/SOURCES.txt'
reading manifest file '../build/eye_on_you/eye_on_you.egg-info/SOURCES.txt'
writing manifest file '../build/eye_on_you/eye_on_you.egg-info/SOURCES.txt'
running build
running build_py
creating /home/kayeka/Projects/eye_on_you/build/eye_on_you/build
creating /home/kayeka/Projects/eye_on_you/build/eye_on_you/build/lib
creating /home/kayeka/Projects/eye_on_you/build/eye_on_you/build/lib/eye_on_you
copying eye_on_you/camera_node.py -> /home/kayeka/Projects/eye_on_you/build/eye_on_you/build/lib/eye_on_you
copying eye_on_you/__init__.py -> /home/kayeka/Projects/eye_on_you/build/eye_on_you/build/lib/eye_on_you
copying eye_on_you/face_detection.py -> /home/kayeka/Projects/eye_on_you/build/eye_on_you/build/lib/eye_on_you
copying eye_on_you/servo_controller.py -> /home/kayeka/Projects/eye_on_you/build/eye_on_you/build/lib/eye_on_you
copying eye_on_you/simulation_controller.py -> /home/kayeka/Projects/eye_on_you/build/eye_on_you/build/lib/eye_on_you
running install
running install_lib
creating /home/kayeka/Projects/eye_on_you/install/eye_on_you/lib/python3.10/site-packages/eye_on_you
copying /home/kayeka/Projects/eye_on_you/build/eye_on_you/build/lib/eye_on_you/camera_node.py -> /home/kayeka/Projects/eye_on_you/install/eye_on_you/lib/python3.10/site-packages/eye_on_you
copying /home/kayeka/Projects/eye_on_you/build/eye_on_you/build/lib/eye_on_you/__init__.py -> /home/kayeka/Projects/eye_on_you/install/eye_on_you/lib/python3.10/site-packages/eye_on_you
copying /home/kayeka/Projects/eye_on_you/build/eye_on_you/build/lib/eye_on_you/face_detection.py -> /home/kayeka/Projects/eye_on_you/install/eye_on_you/lib/python3.10/site-packages/eye_on_you
copying /home/kayeka/Projects/eye_on_you/build/eye_on_you/build/lib/eye_on_you/servo_controller.py -> /home/kayeka/Projects/eye_on_you/install/eye_on_you/lib/python3.10/site-packages/eye_on_you
copying /home/kayeka/Projects/eye_on_you/build/eye_on_you/build/lib/eye_on_you/simulation_controller.py -> /home/kayeka/Projects/eye_on_you/install/eye_on_you/lib/python3.10/site-packages/eye_on_you
byte-compiling /home/kayeka/Projects/eye_on_you/install/eye_on_you/lib/python3.10/site-packages/eye_on_you/camera_node.py to camera_node.cpython-310.pyc
byte-compiling /home/kayeka/Projects/eye_on_you/install/eye_on_you/lib/python3.10/site-packages/eye_on_you/__init__.py to __init__.cpython-310.pyc
byte-compiling /home/kayeka/Projects/eye_on_you/install/eye_on_you/lib/python3.10/site-packages/eye_on_you/face_detection.py to face_detection.cpython-310.pyc
byte-compiling /home/kayeka/Projects/eye_on_you/install/eye_on_you/lib/python3.10/site-packages/eye_on_you/servo_controller.py to servo_controller.cpython-310.pyc
byte-compiling /home/kayeka/Projects/eye_on_you/install/eye_on_you/lib/python3.10/site-packages/eye_on_you/simulation_controller.py to simulation_controller.cpython-310.pyc
running install_data
creating /home/kayeka/Projects/eye_on_you/install/eye_on_you/share/eye_on_you/meshes
