[0.394s] Invoking command in '/home/kayeka/Projects/eye_on_you/src': PYTHONPATH=/home/kayeka/Projects/eye_on_you/build/eye_on_you/prefix_override:/usr/lib/python3/dist-packages/colcon_core/task/python/colcon_distutils_commands:/home/kayeka/Projects/eye_on_you/install/eye_on_you/lib/python3.10/site-packages:${PYTHONPATH} /usr/bin/python3 -W ignore:setup.py install is deprecated setup.py egg_info --egg-base ../build/eye_on_you build --build-base /home/kayeka/Projects/eye_on_you/build/eye_on_you/build install --record /home/kayeka/Projects/eye_on_you/build/eye_on_you/install.log --single-version-externally-managed install_data
[0.542s] running egg_info
[0.542s] creating ../build/eye_on_you/eye_on_you.egg-info
[0.542s] writing ../build/eye_on_you/eye_on_you.egg-info/PKG-INFO
[0.542s] writing dependency_links to ../build/eye_on_you/eye_on_you.egg-info/dependency_links.txt
[0.542s] writing entry points to ../build/eye_on_you/eye_on_you.egg-info/entry_points.txt
[0.542s] writing requirements to ../build/eye_on_you/eye_on_you.egg-info/requires.txt
[0.542s] writing top-level names to ../build/eye_on_you/eye_on_you.egg-info/top_level.txt
[0.542s] writing manifest file '../build/eye_on_you/eye_on_you.egg-info/SOURCES.txt'
[0.543s] reading manifest file '../build/eye_on_you/eye_on_you.egg-info/SOURCES.txt'
[0.543s] writing manifest file '../build/eye_on_you/eye_on_you.egg-info/SOURCES.txt'
[0.544s] running build
[0.544s] running build_py
[0.544s] creating /home/kayeka/Projects/eye_on_you/build/eye_on_you/build
[0.544s] creating /home/kayeka/Projects/eye_on_you/build/eye_on_you/build/lib
[0.544s] creating /home/kayeka/Projects/eye_on_you/build/eye_on_you/build/lib/eye_on_you
[0.544s] copying eye_on_you/camera_node.py -> /home/kayeka/Projects/eye_on_you/build/eye_on_you/build/lib/eye_on_you
[0.544s] copying eye_on_you/__init__.py -> /home/kayeka/Projects/eye_on_you/build/eye_on_you/build/lib/eye_on_you
[0.544s] copying eye_on_you/face_detection.py -> /home/kayeka/Projects/eye_on_you/build/eye_on_you/build/lib/eye_on_you
[0.544s] copying eye_on_you/servo_controller.py -> /home/kayeka/Projects/eye_on_you/build/eye_on_you/build/lib/eye_on_you
[0.544s] copying eye_on_you/simulation_controller.py -> /home/kayeka/Projects/eye_on_you/build/eye_on_you/build/lib/eye_on_you
[0.544s] running install
[0.544s] running install_lib
[0.545s] creating /home/kayeka/Projects/eye_on_you/install/eye_on_you/lib/python3.10/site-packages/eye_on_you
[0.545s] copying /home/kayeka/Projects/eye_on_you/build/eye_on_you/build/lib/eye_on_you/camera_node.py -> /home/kayeka/Projects/eye_on_you/install/eye_on_you/lib/python3.10/site-packages/eye_on_you
[0.545s] copying /home/kayeka/Projects/eye_on_you/build/eye_on_you/build/lib/eye_on_you/__init__.py -> /home/kayeka/Projects/eye_on_you/install/eye_on_you/lib/python3.10/site-packages/eye_on_you
[0.545s] copying /home/kayeka/Projects/eye_on_you/build/eye_on_you/build/lib/eye_on_you/face_detection.py -> /home/kayeka/Projects/eye_on_you/install/eye_on_you/lib/python3.10/site-packages/eye_on_you
[0.545s] copying /home/kayeka/Projects/eye_on_you/build/eye_on_you/build/lib/eye_on_you/servo_controller.py -> /home/kayeka/Projects/eye_on_you/install/eye_on_you/lib/python3.10/site-packages/eye_on_you
[0.545s] copying /home/kayeka/Projects/eye_on_you/build/eye_on_you/build/lib/eye_on_you/simulation_controller.py -> /home/kayeka/Projects/eye_on_you/install/eye_on_you/lib/python3.10/site-packages/eye_on_you
[0.545s] byte-compiling /home/kayeka/Projects/eye_on_you/install/eye_on_you/lib/python3.10/site-packages/eye_on_you/camera_node.py to camera_node.cpython-310.pyc
[0.545s] byte-compiling /home/kayeka/Projects/eye_on_you/install/eye_on_you/lib/python3.10/site-packages/eye_on_you/__init__.py to __init__.cpython-310.pyc
[0.545s] byte-compiling /home/kayeka/Projects/eye_on_you/install/eye_on_you/lib/python3.10/site-packages/eye_on_you/face_detection.py to face_detection.cpython-310.pyc
[0.546s] byte-compiling /home/kayeka/Projects/eye_on_you/install/eye_on_you/lib/python3.10/site-packages/eye_on_you/servo_controller.py to servo_controller.cpython-310.pyc
[0.546s] byte-compiling /home/kayeka/Projects/eye_on_you/install/eye_on_you/lib/python3.10/site-packages/eye_on_you/simulation_controller.py to simulation_controller.cpython-310.pyc
[0.546s] running install_data
[0.546s] creating /home/kayeka/Projects/eye_on_you/install/eye_on_you/share/eye_on_you/meshes
[0.547s] error: can't copy 'meshes/arm.stl': doesn't exist or not a regular file
[0.557s] Invoked command in '/home/kayeka/Projects/eye_on_you/src' returned '1': PYTHONPATH=/home/kayeka/Projects/eye_on_you/build/eye_on_you/prefix_override:/usr/lib/python3/dist-packages/colcon_core/task/python/colcon_distutils_commands:/home/kayeka/Projects/eye_on_you/install/eye_on_you/lib/python3.10/site-packages:${PYTHONPATH} /usr/bin/python3 -W ignore:setup.py install is deprecated setup.py egg_info --egg-base ../build/eye_on_you build --build-base /home/kayeka/Projects/eye_on_you/build/eye_on_you/build install --record /home/kayeka/Projects/eye_on_you/build/eye_on_you/install.log --single-version-externally-managed install_data
