[0.358s] Invoking command in '/home/kayeka/Projects/eye_on_you/src': PYTHONPATH=/home/kayeka/Projects/eye_on_you/build/eye_on_you/prefix_override:/usr/lib/python3/dist-packages/colcon_core/task/python/colcon_distutils_commands:/home/kayeka/Projects/eye_on_you/install/eye_on_you/lib/python3.10/site-packages:${PYTHONPATH} /usr/bin/python3 -W ignore:setup.py install is deprecated setup.py egg_info --egg-base ../build/eye_on_you build --build-base /home/kayeka/Projects/eye_on_you/build/eye_on_you/build install --record /home/kayeka/Projects/eye_on_you/build/eye_on_you/install.log --single-version-externally-managed install_data
[0.496s] running egg_info
[0.496s] writing ../build/eye_on_you/eye_on_you.egg-info/PKG-INFO
[0.496s] writing dependency_links to ../build/eye_on_you/eye_on_you.egg-info/dependency_links.txt
[0.496s] writing entry points to ../build/eye_on_you/eye_on_you.egg-info/entry_points.txt
[0.496s] writing requirements to ../build/eye_on_you/eye_on_you.egg-info/requires.txt
[0.496s] writing top-level names to ../build/eye_on_you/eye_on_you.egg-info/top_level.txt
[0.497s] reading manifest file '../build/eye_on_you/eye_on_you.egg-info/SOURCES.txt'
[0.498s] writing manifest file '../build/eye_on_you/eye_on_you.egg-info/SOURCES.txt'
[0.498s] running build
[0.498s] running build_py
[0.498s] running install
[0.498s] running install_lib
[0.499s] running install_data
[0.499s] copying meshes/arm.stl -> /home/kayeka/Projects/eye_on_you/install/eye_on_you/share/eye_on_you/meshes
[0.499s] copying meshes/base.stl -> /home/kayeka/Projects/eye_on_you/install/eye_on_you/share/eye_on_you/meshes
[0.499s] copying meshes/home.stl -> /home/kayeka/Projects/eye_on_you/install/eye_on_you/share/eye_on_you/meshes
[0.499s] copying urdf/robot.urdf -> /home/kayeka/Projects/eye_on_you/install/eye_on_you/share/eye_on_you
[0.499s] creating /home/kayeka/Projects/eye_on_you/install/eye_on_you/share/eye_on_you/urdf
[0.499s] copying urdf/robot.urdf -> /home/kayeka/Projects/eye_on_you/install/eye_on_you/share/eye_on_you/urdf
[0.499s] creating /home/kayeka/Projects/eye_on_you/install/eye_on_you/share/eye_on_you/launch
[0.499s] copying launch/twoaxis.py -> /home/kayeka/Projects/eye_on_you/install/eye_on_you/share/eye_on_you/launch
[0.499s] copying launch/simulation.py -> /home/kayeka/Projects/eye_on_you/install/eye_on_you/share/eye_on_you/launch
[0.499s] running install_egg_info
[0.500s] Copying ../build/eye_on_you/eye_on_you.egg-info to /home/kayeka/Projects/eye_on_you/install/eye_on_you/lib/python3.10/site-packages/eye_on_you-1.0.0-py3.10.egg-info
[0.500s] running install_scripts
[0.512s] Installing camera_node script to /home/kayeka/Projects/eye_on_you/install/eye_on_you/lib/EyeOnYou
[0.512s] Installing face_detection_node script to /home/kayeka/Projects/eye_on_you/install/eye_on_you/lib/EyeOnYou
[0.512s] Installing mearm_controller script to /home/kayeka/Projects/eye_on_you/install/eye_on_you/lib/EyeOnYou
[0.512s] Installing servo_controller script to /home/kayeka/Projects/eye_on_you/install/eye_on_you/lib/EyeOnYou
[0.512s] Installing simulation_controller script to /home/kayeka/Projects/eye_on_you/install/eye_on_you/lib/EyeOnYou
[0.512s] writing list of installed files to '/home/kayeka/Projects/eye_on_you/build/eye_on_you/install.log'
[0.525s] Invoked command in '/home/kayeka/Projects/eye_on_you/src' returned '0': PYTHONPATH=/home/kayeka/Projects/eye_on_you/build/eye_on_you/prefix_override:/usr/lib/python3/dist-packages/colcon_core/task/python/colcon_distutils_commands:/home/kayeka/Projects/eye_on_you/install/eye_on_you/lib/python3.10/site-packages:${PYTHONPATH} /usr/bin/python3 -W ignore:setup.py install is deprecated setup.py egg_info --egg-base ../build/eye_on_you build --build-base /home/kayeka/Projects/eye_on_you/build/eye_on_you/build install --record /home/kayeka/Projects/eye_on_you/build/eye_on_you/install.log --single-version-externally-managed install_data
